component  base_beagle

source omap3530

binary	assp all
binary	beagleboard all
binary	beagle_drivers\hal all
binary	beagle_drivers\keytran all
binary	beagle_drivers\lcd all
binary	beagle_drivers\led all
# binary	beagle_drivers\prm all
binary	beagle_drivers\serialmouse all
binary	beagle_drivers\usbv all
binary	kernel all
binary	omap3530_drivers\gpio all
binary	omap3530_drivers\i2c all
binary	omap3530_drivers\prcm all
# binary	omap3530_drivers\prm all
binary	omap3530_drivers\uart all
binary	omap3530_drivers\usbcc all
binary	shared\monitor all
binary	shared\mstick all
binary	shared\serialkeyb all
binary	shared\tps65950 all

exports	assp
exports	beagleboard
exports	beagle_drivers\hal
exports	beagle_drivers\keytran
exports	beagle_drivers\lcd
exports	beagle_drivers\led
# exports	beagle_drivers\prm
exports	beagle_drivers\serialmouse
exports	beagle_drivers\usbv
exports	kernel
exports	omap3530_drivers\gpio
exports	omap3530_drivers\i2c
exports	omap3530_drivers\prcm
# exports	omap3530_drivers\prm
exports	omap3530_drivers\uart
exports	omap3530_drivers\usbcc
exports	shared\monitor
exports	shared\mstick
exports	shared\serialkeyb
exports	shared\tps65950

notes_source	release.src

